#
# There is insufficient memory for the Java Runtime Environment to continue.
# Native memory allocation (malloc) failed to allocate 1710576 bytes. Error detail: Chunk::new
# Possible reasons:
#   The system is out of physical RAM or swap space
#   This process is running with CompressedOops enabled, and the Java Heap may be blocking the growth of the native heap
# Possible solutions:
#   Reduce memory load on the system
#   Increase physical memory or swap space
#   Check if swap backing store is full
#   Decrease Java heap size (-Xmx/-Xms)
#   Decrease number of Java threads
#   Decrease Java thread stack sizes (-Xss)
#   Set larger code cache with -XX:ReservedCodeCacheSize=
#   JVM is running with Unscaled Compressed Oops mode in which the Java heap is
#     placed in the first 4GB address space. The Java Heap base address is the
#     maximum limit for the native heap growth. Please use -XX:HeapBaseMinAddress
#     to set the Java Heap base and to place the Java Heap above 4GB virtual address.
# This output file may be truncated or incomplete.
#
#  Out of Memory Error (arena.cpp:168), pid=24980, tid=45236
#
# JRE version: OpenJDK Runtime Environment Temurin-21.0.11+10 (21.0.11+10) (build 21.0.11+10-LTS)
# Java VM: OpenJDK 64-Bit Server VM Temurin-21.0.11+10 (21.0.11+10-LTS, mixed mode, sharing, tiered, compressed oops, compressed class ptrs, parallel gc, windows-amd64)
# No core dump will be written. Minidumps are not enabled by default on client versions of Windows
#

---------------  S U M M A R Y ------------

Command Line: --add-modules=ALL-SYSTEM --add-opens=java.base/java.util=ALL-UNNAMED --add-opens=java.base/java.lang=ALL-UNNAMED --add-opens=java.base/sun.nio.fs=ALL-UNNAMED -Declipse.application=org.eclipse.jdt.ls.core.id1 -Dosgi.bundles.defaultStartLevel=4 -Declipse.product=org.eclipse.jdt.ls.core.product -Djava.import.generatesMetadataFilesAtProjectRoot=false -DDetectVMInstallationsJob.disabled=true -Dfile.encoding=utf8 -XX:+UseParallelGC -XX:GCTimeRatio=4 -XX:AdaptiveSizePolicyWeight=90 -Dsun.zip.disableMemoryMapping=true -Xmx2G -Xms100m -Xlog:disable -javaagent:c:\Users\manue\.vscode\extensions\redhat.java-1.55.0-win32-x64\lombok\lombok-1.18.39-4050.jar -XX:+HeapDumpOnOutOfMemoryError -XX:HeapDumpPath=c:\Users\manue\AppData\Roaming\Code\User\workspaceStorage\850d4c5340805f6c5998271039dbbf0a\redhat.java -Daether.dependencyCollector.impl=bf c:\Users\manue\.vscode\extensions\redhat.java-1.55.0-win32-x64\server\plugins\org.eclipse.equinox.launcher_1.7.200.v20260619-2039.jar -configuration c:\Users\manue\AppData\Roaming\Code\User\globalStorage\redhat.java\1.55.0\config_win -data c:\Users\manue\AppData\Roaming\Code\User\workspaceStorage\850d4c5340805f6c5998271039dbbf0a\redhat.java\jdt_ws --pipe=\\.\pipe\lsp-c2de3aaa48b15ddbe6f23ae53a4610b3-sock

Host: 12th Gen Intel(R) Core(TM) i5-1235U, 12 cores, 7G,  Windows 11 , 64 bit Build 26100 (10.0.26100.8521)
Time: Thu Jun 25 22:42:28 2026 Hora est. Sudam廨ica Pac璗ico elapsed time: 101.930319 seconds (0d 0h 1m 41s)

---------------  T H R E A D  ---------------

Current thread (0x000001e1f02b9ce0):  JavaThread "C2 CompilerThread0" daemon [_thread_in_native, id=45236, stack(0x00000080a8f00000,0x00000080a9000000) (1024K)]


Current CompileTask:
C2:101930 11325       4       java.util.Properties::load0 (249 bytes)

Stack: [0x00000080a8f00000,0x00000080a9000000]
Native frames: (J=compiled Java code, j=interpreted, Vv=VM code, C=native code)
V  [jvm.dll+0x6d7e19]
V  [jvm.dll+0x8b5096]
V  [jvm.dll+0x8b764e]
V  [jvm.dll+0x8b7d33]
V  [jvm.dll+0x284596]
V  [jvm.dll+0xc685d]
V  [jvm.dll+0xc6da1]
V  [jvm.dll+0x3bed31]
V  [jvm.dll+0x1e3f42]
V  [jvm.dll+0x24c853]
V  [jvm.dll+0x24bce0]
V  [jvm.dll+0x1cb4ae]
V  [jvm.dll+0x25baad]
V  [jvm.dll+0x25a03a]
V  [jvm.dll+0x3f868e]
V  [jvm.dll+0x85fb0d]
V  [jvm.dll+0x6d664d]
C  [ucrtbase.dll+0x2cd30]
C  [KERNEL32.DLL+0x2e957]
C  [ntdll.dll+0x87c1c]


---------------  P R O C E S S  ---------------

Threads class SMR info:
_java_thread_list=0x000001e1f75ce520, length=74, elements={
0x000001e1d84af870, 0x000001e1eef36ad0, 0x000001e1eef3c190, 0x000001e1f0281f80,
0x000001e1f0283c70, 0x000001e1f028e8d0, 0x000001e1f02b53c0, 0x000001e1f02b9ce0,
0x000001e1f02d0150, 0x000001e1f04bbe10, 0x000001e1f05d4ec0, 0x000001e1f18ee310,
0x000001e1f17a2490, 0x000001e1f6029c90, 0x000001e1f602aa90, 0x000001e1f63ca400,
0x000001e1f637b060, 0x000001e1f154c4f0, 0x000001e1f722f960, 0x000001e1f722d200,
0x000001e1f7230680, 0x000001e1f722d890, 0x000001e1f722fff0, 0x000001e1f722e5b0,
0x000001e1f722ec40, 0x000001e1f722f2d0, 0x000001e1f12dc710, 0x000001e1f12da640,
0x000001e1f12dacd0, 0x000001e1f12dcda0, 0x000001e1f12db360, 0x000001e1f12dd430,
0x000001e1f12db9f0, 0x000001e1f12d9fb0, 0x000001e1f12dc080, 0x000001e1f7bba010,
0x000001e1f7bb92f0, 0x000001e1f7bb9980, 0x000001e1f7bbad30, 0x000001e1f7bba6a0,
0x000001e1f7bb8c60, 0x000001e1f7bbc770, 0x000001e1f7bbce00, 0x000001e1f7bbe1b0,
0x000001e1f7bbe840, 0x000001e1f7bbb3c0, 0x000001e1f7bbd490, 0x000001e1f7bbba50,
0x000001e1f7bbdb20, 0x000001e1f7bbfbf0, 0x000001e1f7bbeed0, 0x000001e1f7bbf560,
0x000001e1f7bc0280, 0x000001e1f8b24940, 0x000001e1f8b22f00, 0x000001e1f8b24fd0,
0x000001e1f8b25660, 0x000001e1f8b23590, 0x000001e1f8b25cf0, 0x000001e1f8b23c20,
0x000001e1f8b242b0, 0x000001e1f8b26380, 0x000001e1f1810720, 0x000001e1f180dfc0,
0x000001e1f1810db0, 0x000001e1f1811440, 0x000001e1f1810090, 0x000001e1f180ece0,
0x000001e1f1811ad0, 0x000001e1f180e650, 0x000001e1f1812160, 0x000001e1f18127f0,
0x000001e1f180f370, 0x000001e1f18155e0
}

Java Threads: ( => current thread )
  0x000001e1d84af870 JavaThread "main"                              [_thread_blocked, id=45320, stack(0x00000080a8500000,0x00000080a8600000) (1024K)]
  0x000001e1eef36ad0 JavaThread "Reference Handler"          daemon [_thread_blocked, id=45476, stack(0x00000080a8900000,0x00000080a8a00000) (1024K)]
  0x000001e1eef3c190 JavaThread "Finalizer"                  daemon [_thread_blocked, id=32020, stack(0x00000080a8a00000,0x00000080a8b00000) (1024K)]
  0x000001e1f0281f80 JavaThread "Signal Dispatcher"          daemon [_thread_blocked, id=45696, stack(0x00000080a8b00000,0x00000080a8c00000) (1024K)]
  0x000001e1f0283c70 JavaThread "Attach Listener"            daemon [_thread_blocked, id=20128, stack(0x00000080a8c00000,0x00000080a8d00000) (1024K)]
  0x000001e1f028e8d0 JavaThread "Service Thread"             daemon [_thread_blocked, id=45112, stack(0x00000080a8d00000,0x00000080a8e00000) (1024K)]
  0x000001e1f02b53c0 JavaThread "Monitor Deflation Thread"   daemon [_thread_blocked, id=44304, stack(0x00000080a8e00000,0x00000080a8f00000) (1024K)]
=>0x000001e1f02b9ce0 JavaThread "C2 CompilerThread0"         daemon [_thread_in_native, id=45236, stack(0x00000080a8f00000,0x00000080a9000000) (1024K)]
  0x000001e1f02d0150 JavaThread "C1 CompilerThread0"         daemon [_thread_blocked, id=45148, stack(0x00000080a9000000,0x00000080a9100000) (1024K)]
  0x000001e1f04bbe10 JavaThread "Common-Cleaner"             daemon [_thread_blocked, id=45572, stack(0x00000080a9100000,0x00000080a9200000) (1024K)]
  0x000001e1f05d4ec0 JavaThread "Notification Thread"        daemon [_thread_blocked, id=37656, stack(0x00000080a9200000,0x00000080a9300000) (1024K)]
  0x000001e1f18ee310 JavaThread "Active Thread: Equinox Container: c461df06-6b0f-4bb4-a9a8-659c55592bee"        [_thread_blocked, id=2428, stack(0x00000080a9a00000,0x00000080a9b00000) (1024K)]
  0x000001e1f17a2490 JavaThread "Refresh Thread: Equinox Container: c461df06-6b0f-4bb4-a9a8-659c55592bee" daemon [_thread_blocked, id=42204, stack(0x00000080a9900000,0x00000080a9a00000) (1024K)]
  0x000001e1f6029c90 JavaThread "Framework Event Dispatcher: Equinox Container: c461df06-6b0f-4bb4-a9a8-659c55592bee" daemon [_thread_blocked, id=45156, stack(0x00000080a9c00000,0x00000080a9d00000) (1024K)]
  0x000001e1f602aa90 JavaThread "Start Level: Equinox Container: c461df06-6b0f-4bb4-a9a8-659c55592bee" daemon [_thread_blocked, id=24004, stack(0x00000080a9d00000,0x00000080a9e00000) (1024K)]
  0x000001e1f63ca400 JavaThread "Bundle File Closer"         daemon [_thread_blocked, id=47004, stack(0x00000080aa000000,0x00000080aa100000) (1024K)]
  0x000001e1f637b060 JavaThread "SCR Component Actor"        daemon [_thread_blocked, id=40164, stack(0x00000080aa100000,0x00000080aa200000) (1024K)]
  0x000001e1f154c4f0 JavaThread "Worker-JM"                         [_thread_blocked, id=37632, stack(0x00000080aa200000,0x00000080aa300000) (1024K)]
  0x000001e1f722f960 JavaThread "JNA Cleaner"                daemon [_thread_blocked, id=47844, stack(0x00000080aa300000,0x00000080aa400000) (1024K)]
  0x000001e1f722d200 JavaThread "Worker-0: Updating workspace"        [_thread_in_native, id=47872, stack(0x00000080aa400000,0x00000080aa500000) (1024K)]
  0x000001e1f7230680 JavaThread "Worker-1"                          [_thread_blocked, id=47896, stack(0x00000080aa500000,0x00000080aa600000) (1024K)]
  0x000001e1f722d890 JavaThread "Worker-2"                          [_thread_blocked, id=48496, stack(0x00000080aa600000,0x00000080aa700000) (1024K)]
  0x000001e1f722fff0 JavaThread "Java indexing"              daemon [_thread_blocked, id=48856, stack(0x00000080aa800000,0x00000080aa900000) (1024K)]
  0x000001e1f722e5b0 JavaThread "Worker-3: Building"                [_thread_in_Java, id=49176, stack(0x00000080aaa00000,0x00000080aab00000) (1024K)]
  0x000001e1f722ec40 JavaThread "Worker-4: Updating index names"        [_thread_in_native, id=49184, stack(0x00000080aac00000,0x00000080aad00000) (1024K)]
  0x000001e1f722f2d0 JavaThread "Thread-1"                   daemon [_thread_in_native, id=49196, stack(0x00000080aad00000,0x00000080aae00000) (1024K)]
  0x000001e1f12dc710 JavaThread "Thread-2"                   daemon [_thread_in_native, id=49200, stack(0x00000080aae00000,0x00000080aaf00000) (1024K)]
  0x000001e1f12da640 JavaThread "Thread-3"                   daemon [_thread_in_native, id=49208, stack(0x00000080aaf00000,0x00000080ab000000) (1024K)]
  0x000001e1f12dacd0 JavaThread "Thread-4"                   daemon [_thread_in_native, id=49212, stack(0x00000080ab000000,0x00000080ab100000) (1024K)]
  0x000001e1f12dcda0 JavaThread "Thread-5"                   daemon [_thread_in_native, id=49216, stack(0x00000080ab100000,0x00000080ab200000) (1024K)]
  0x000001e1f12db360 JavaThread "Thread-6"                   daemon [_thread_in_native, id=49220, stack(0x00000080ab200000,0x00000080ab300000) (1024K)]
  0x000001e1f12dd430 JavaThread "Thread-7"                   daemon [_thread_in_native, id=49224, stack(0x00000080ab300000,0x00000080ab400000) (1024K)]
  0x000001e1f12db9f0 JavaThread "Thread-8"                   daemon [_thread_in_native, id=49228, stack(0x00000080ab400000,0x00000080ab500000) (1024K)]
  0x000001e1f12d9fb0 JavaThread "Thread-9"                   daemon [_thread_in_native, id=49232, stack(0x00000080ab500000,0x00000080ab600000) (1024K)]
  0x000001e1f12dc080 JavaThread "Thread-10"                  daemon [_thread_in_native, id=49236, stack(0x00000080ab600000,0x00000080ab700000) (1024K)]
  0x000001e1f7bba010 JavaThread "Thread-11"                  daemon [_thread_in_native, id=49240, stack(0x00000080ab700000,0x00000080ab800000) (1024K)]
  0x000001e1f7bb92f0 JavaThread "Thread-12"                  daemon [_thread_in_native, id=49244, stack(0x00000080ab800000,0x00000080ab900000) (1024K)]
  0x000001e1f7bb9980 JavaThread "Thread-13"                  daemon [_thread_in_native, id=49248, stack(0x00000080ab900000,0x00000080aba00000) (1024K)]
  0x000001e1f7bbad30 JavaThread "pool-2-thread-1"                   [_thread_blocked, id=49252, stack(0x00000080aba00000,0x00000080abb00000) (1024K)]
  0x000001e1f7bba6a0 JavaThread "WorkspaceEventsHandler"            [_thread_blocked, id=49932, stack(0x00000080aab00000,0x00000080aac00000) (1024K)]
  0x000001e1f7bb8c60 JavaThread "pool-1-thread-1"                   [_thread_blocked, id=49936, stack(0x00000080abb00000,0x00000080abc00000) (1024K)]
  0x000001e1f7bbc770 JavaThread "LocalFile Deleter"          daemon [_thread_blocked, id=11088, stack(0x00000080a8200000,0x00000080a8300000) (1024K)]
  0x000001e1f7bbce00 JavaThread "LocalFile Deleter"          daemon [_thread_blocked, id=50624, stack(0x00000080a8400000,0x00000080a8500000) (1024K)]
  0x000001e1f7bbe1b0 JavaThread "LocalFile Deleter"          daemon [_thread_blocked, id=27800, stack(0x00000080abc00000,0x00000080abd00000) (1024K)]
  0x000001e1f7bbe840 JavaThread "LocalFile Deleter"          daemon [_thread_blocked, id=43492, stack(0x00000080abd00000,0x00000080abe00000) (1024K)]
  0x000001e1f7bbb3c0 JavaThread "LocalFile Deleter"          daemon [_thread_blocked, id=29764, stack(0x00000080abe00000,0x00000080abf00000) (1024K)]
  0x000001e1f7bbd490 JavaThread "LocalFile Deleter"          daemon [_thread_blocked, id=45260, stack(0x00000080abf00000,0x00000080ac000000) (1024K)]
  0x000001e1f7bbba50 JavaThread "LocalFile Deleter"          daemon [_thread_blocked, id=44204, stack(0x00000080ac000000,0x00000080ac100000) (1024K)]
  0x000001e1f7bbdb20 JavaThread "LocalFile Deleter"          daemon [_thread_blocked, id=12656, stack(0x00000080ac100000,0x00000080ac200000) (1024K)]
  0x000001e1f7bbfbf0 JavaThread "LocalFile Deleter"          daemon [_thread_blocked, id=47532, stack(0x00000080ac200000,0x00000080ac300000) (1024K)]
  0x000001e1f7bbeed0 JavaThread "LocalFile Deleter"          daemon [_thread_blocked, id=45748, stack(0x00000080ac300000,0x00000080ac400000) (1024K)]
  0x000001e1f7bbf560 JavaThread "LocalFile Deleter"          daemon [_thread_blocked, id=47600, stack(0x00000080ac400000,0x00000080ac500000) (1024K)]
  0x000001e1f7bc0280 JavaThread "LocalFile Deleter"          daemon [_thread_blocked, id=47652, stack(0x00000080ac500000,0x00000080ac600000) (1024K)]
  0x000001e1f8b24940 JavaThread "Compiler Source File Reader" daemon [_thread_blocked, id=34024, stack(0x00000080ac600000,0x00000080ac700000) (1024K)]
  0x000001e1f8b22f00 JavaThread "Compiler Source File Reader" daemon [_thread_blocked, id=42516, stack(0x00000080ac700000,0x00000080ac800000) (1024K)]
  0x000001e1f8b24fd0 JavaThread "Compiler Source File Reader" daemon [_thread_blocked, id=43344, stack(0x00000080ac800000,0x00000080ac900000) (1024K)]
  0x000001e1f8b25660 JavaThread "Compiler Source File Reader" daemon [_thread_blocked, id=42360, stack(0x00000080ac900000,0x00000080aca00000) (1024K)]
  0x000001e1f8b23590 JavaThread "Compiler Source File Reader" daemon [_thread_blocked, id=30972, stack(0x00000080aca00000,0x00000080acb00000) (1024K)]
  0x000001e1f8b25cf0 JavaThread "Compiler Source File Reader" daemon [_thread_blocked, id=31304, stack(0x00000080acb00000,0x00000080acc00000) (1024K)]
  0x000001e1f8b23c20 JavaThread "Compiler Source File Reader" daemon [_thread_blocked, id=18876, stack(0x00000080acc00000,0x00000080acd00000) (1024K)]
  0x000001e1f8b242b0 JavaThread "Compiler Source File Reader" daemon [_thread_blocked, id=11388, stack(0x00000080acd00000,0x00000080ace00000) (1024K)]
  0x000001e1f8b26380 JavaThread "Compiler Source File Reader" daemon [_thread_blocked, id=38764, stack(0x00000080ace00000,0x00000080acf00000) (1024K)]
  0x000001e1f1810720 JavaThread "Compiler Source File Reader" daemon [_thread_blocked, id=44236, stack(0x00000080acf00000,0x00000080ad000000) (1024K)]
  0x000001e1f180dfc0 JavaThread "Compiler Processing Task"   daemon [_thread_blocked, id=51588, stack(0x00000080ad000000,0x00000080ad100000) (1024K)]
  0x000001e1f1810db0 JavaThread "Compiler Class File Writer" daemon [_thread_blocked, id=51608, stack(0x00000080ad100000,0x00000080ad200000) (1024K)]
  0x000001e1f1811440 JavaThread "Compiler Class File Writer" daemon [_thread_blocked, id=51680, stack(0x00000080ad200000,0x00000080ad300000) (1024K)]
  0x000001e1f1810090 JavaThread "Compiler Class File Writer" daemon [_thread_blocked, id=51684, stack(0x00000080ad300000,0x00000080ad400000) (1024K)]
  0x000001e1f180ece0 JavaThread "Compiler Class File Writer" daemon [_thread_blocked, id=51692, stack(0x00000080ad500000,0x00000080ad600000) (1024K)]
  0x000001e1f1811ad0 JavaThread "Compiler Class File Writer" daemon [_thread_blocked, id=51696, stack(0x00000080ad600000,0x00000080ad700000) (1024K)]
  0x000001e1f180e650 JavaThread "Compiler Class File Writer" daemon [_thread_blocked, id=51700, stack(0x00000080ad700000,0x00000080ad800000) (1024K)]
  0x000001e1f1812160 JavaThread "Compiler Class File Writer" daemon [_thread_blocked, id=51708, stack(0x00000080ad800000,0x00000080ad900000) (1024K)]
  0x000001e1f18127f0 JavaThread "Compiler Class File Writer" daemon [_thread_blocked, id=51712, stack(0x00000080ad900000,0x00000080ada00000) (1024K)]
  0x000001e1f180f370 JavaThread "Compiler Class File Writer" daemon [_thread_blocked, id=51724, stack(0x00000080ada00000,0x00000080adb00000) (1024K)]
  0x000001e1f18155e0 JavaThread "Compiler Class File Writer" daemon [_thread_blocked, id=51744, stack(0x00000080adb00000,0x00000080adc00000) (1024K)]
Total: 74

Other Threads:
  0x000001e1eef24950 VMThread "VM Thread"                           [id=32560, stack(0x00000080a8800000,0x00000080a8900000) (1024K)]
  0x000001e1eee1ca00 WatcherThread "VM Periodic Task Thread"        [id=3000, stack(0x00000080a8700000,0x00000080a8800000) (1024K)]
  0x000001e1d84c4a40 WorkerThread "GC Thread#0"                     [id=37524, stack(0x00000080a8600000,0x00000080a8700000) (1024K)]
  0x000001e1f166a8f0 WorkerThread "GC Thread#1"                     [id=43608, stack(0x00000080a9300000,0x00000080a9400000) (1024K)]
  0x000001e1f168a150 WorkerThread "GC Thread#2"                     [id=45284, stack(0x00000080a9400000,0x00000080a9500000) (1024K)]
  0x000001e1f1668cf0 WorkerThread "GC Thread#3"                     [id=6220, stack(0x00000080a9500000,0x00000080a9600000) (1024K)]
  0x000001e1f16690a0 WorkerThread "GC Thread#4"                     [id=45872, stack(0x00000080a9600000,0x00000080a9700000) (1024K)]
  0x000001e1f1669450 WorkerThread "GC Thread#5"                     [id=18076, stack(0x00000080a9700000,0x00000080a9800000) (1024K)]
  0x000001e1f1824260 WorkerThread "GC Thread#6"                     [id=44612, stack(0x00000080a9800000,0x00000080a9900000) (1024K)]
  0x000001e1f60d2f10 WorkerThread "GC Thread#7"                     [id=44508, stack(0x00000080a9b00000,0x00000080a9c00000) (1024K)]
  0x000001e1f13cafe0 WorkerThread "GC Thread#8"                     [id=46808, stack(0x00000080a9e00000,0x00000080a9f00000) (1024K)]
  0x000001e1f13cb390 WorkerThread "GC Thread#9"                     [id=46812, stack(0x00000080a9f00000,0x00000080aa000000) (1024K)]
Total: 12

Threads with active compile tasks:
C2 CompilerThread0  102067 11325       4       java.util.Properties::load0 (249 bytes)
C1 CompilerThread0  102067 11391       3       com.google.inject.internal.BytecodeGen::isCircularProxy (25 bytes)
Total: 2

VM state: not at safepoint (normal execution)

VM Mutex/Monitor currently owned by a thread: None

Heap address: 0x0000000080000000, size: 2048 MB, Compressed Oops mode: 32-bit

CDS archive(s) mapped at: [0x000001e180000000-0x000001e180ba0000-0x000001e180ba0000), size 12189696, SharedBaseAddress: 0x000001e180000000, ArchiveRelocationMode: 1.
Compressed class space mapped at: 0x000001e181000000-0x000001e1c1000000, reserved size: 1073741824
Narrow klass base: 0x000001e180000000, Narrow klass shift: 0, Narrow klass range: 0x100000000

GC Precious Log:
 CardTable entry size: 512
 CPUs: 12 total, 12 available
 Memory: 7877M
 Large Page Support: Disabled
 NUMA Support: Disabled
 Compressed Oops: Enabled (32-bit)
 Alignments: Space 512K, Generation 512K, Heap 2M
 Heap Min Capacity: 100M
 Heap Initial Capacity: 100M
 Heap Max Capacity: 2G
 Pre-touch: Disabled
 Parallel Workers: 10

Heap:
 PSYoungGen      total 20480K, used 18597K [0x00000000d5580000, 0x00000000d7000000, 0x0000000100000000)
  eden space 19968K, 90% used [0x00000000d5580000,0x00000000d6730838,0x00000000d6900000)
  from space 512K, 94% used [0x00000000d6f80000,0x00000000d6ff8df8,0x00000000d7000000)
  to   space 2560K, 0% used [0x00000000d6b00000,0x00000000d6b00000,0x00000000d6d80000)
 ParOldGen       total 68608K, used 58026K [0x0000000080000000, 0x0000000084300000, 0x00000000d5580000)
  object space 68608K, 84% used [0x0000000080000000,0x00000000838aa928,0x0000000084300000)
 Metaspace       used 60739K, committed 62208K, reserved 1114112K
  class space    used 6394K, committed 7040K, reserved 1048576K

Card table byte_map: [0x000001e1d7e40000,0x000001e1d8250000] _byte_map_base: 0x000001e1d7a40000

Marking Bits: (ParMarkBitMap*) 0x00007ffa620b4460
 Begin Bits: [0x000001e1ea940000, 0x000001e1ec940000)
 End Bits:   [0x000001e1ec940000, 0x000001e1ee940000)

Polling page: 0x000001e1d6310000

Metaspace:

Usage:
  Non-class:     53.07 MB used.
      Class:      6.24 MB used.
       Both:     59.32 MB used.

Virtual space:
  Non-class space:       64.00 MB reserved,      53.88 MB ( 84%) committed,  1 nodes.
      Class space:        1.00 GB reserved,       6.88 MB ( <1%) committed,  1 nodes.
             Both:        1.06 GB reserved,      60.75 MB (  6%) committed. 

Chunk freelists:
   Non-Class:  9.98 MB
       Class:  9.09 MB
        Both:  19.08 MB

MaxMetaspaceSize: unlimited
CompressedClassSpaceSize: 1.00 GB
Initial GC threshold: 21.00 MB
Current GC threshold: 97.31 MB
CDS: on
 - commit_granule_bytes: 65536.
 - commit_granule_words: 8192.
 - virtual_space_node_default_size: 8388608.
 - enlarge_chunks_in_place: 1.
 - use_allocation_guard: 0.


Internal statistics:

num_allocs_failed_limit: 9.
num_arena_births: 1218.
num_arena_deaths: 22.
num_vsnodes_births: 2.
num_vsnodes_deaths: 0.
num_space_committed: 972.
num_space_uncommitted: 0.
num_chunks_returned_to_freelist: 35.
num_chunks_taken_from_freelist: 4176.
num_chunk_merges: 17.
num_chunk_splits: 2487.
num_chunks_enlarged: 1320.
num_inconsistent_stats: 0.

CodeHeap 'non-profiled nmethods': size=120000Kb used=7024Kb max_used=7024Kb free=112975Kb
 bounds [0x000001e1e3160000, 0x000001e1e3840000, 0x000001e1ea690000]
CodeHeap 'profiled nmethods': size=120000Kb used=24361Kb max_used=24361Kb free=95638Kb
 bounds [0x000001e1db690000, 0x000001e1dce60000, 0x000001e1e2bc0000]
CodeHeap 'non-nmethods': size=5760Kb used=1416Kb max_used=1477Kb free=4343Kb
 bounds [0x000001e1e2bc0000, 0x000001e1e2e30000, 0x000001e1e3160000]
CodeCache: size=245760Kb, used=32801Kb, max_used=32862Kb, free=212956Kb
 total_blobs=11220, nmethods=10492, adapters=634, full_count=0
Compilation: enabled, stopped_count=0, restarted_count=0

Compilation events (20 events):
Event: 101.884 Thread 0x000001e1f02d0150 11360       3       org.eclipse.jdt.internal.compiler.util.ObjectVector::<init> (8 bytes)
Event: 101.884 Thread 0x000001e1f02d0150 nmethod 11360 0x000001e1dce4b890 code [0x000001e1dce4ba40, 0x000001e1dce4bb88]
Event: 101.884 Thread 0x000001e1f02d0150 11365   !   3       org.eclipse.jdt.internal.core.ClasspathChange::addClasspathDeltas (75 bytes)
Event: 101.885 Thread 0x000001e1f02d0150 nmethod 11365 0x000001e1dce4bc10 code [0x000001e1dce4be60, 0x000001e1dce4c750]
Event: 101.885 Thread 0x000001e1f02d0150 11366       3       org.eclipse.jdt.internal.core.JavaProject::rootID (18 bytes)
Event: 101.887 Thread 0x000001e1f02d0150 nmethod 11366 0x000001e1dce4cb90 code [0x000001e1dce4cea0, 0x000001e1dce4de60]
Event: 101.887 Thread 0x000001e1f02d0150 11369       3       org.eclipse.jdt.internal.core.JavaProject::computePackageFragmentRoots (63 bytes)
Event: 101.888 Thread 0x000001e1f02d0150 nmethod 11369 0x000001e1dce4e410 code [0x000001e1dce4e740, 0x000001e1dce4fa50]
Event: 101.888 Thread 0x000001e1f02d0150 11367       3       org.eclipse.jdt.internal.compiler.util.ObjectVector::copyInto (7 bytes)
Event: 101.888 Thread 0x000001e1f02d0150 nmethod 11367 0x000001e1dce50210 code [0x000001e1dce503c0, 0x000001e1dce50500]
Event: 101.888 Thread 0x000001e1f02d0150 11368       3       org.eclipse.jdt.internal.compiler.util.ObjectVector::copyInto (15 bytes)
Event: 101.889 Thread 0x000001e1f02d0150 nmethod 11368 0x000001e1dce50590 code [0x000001e1dce50740, 0x000001e1dce50a00]
Event: 101.889 Thread 0x000001e1f02d0150 11364       3       java.util.ArrayList::trimToSize (51 bytes)
Event: 101.889 Thread 0x000001e1f02d0150 nmethod 11364 0x000001e1dce50a90 code [0x000001e1dce50c60, 0x000001e1dce50ef0]
Event: 101.889 Thread 0x000001e1f02d0150 11370       3       org.eclipse.jdt.internal.core.JavaElementDelta::getResourceDeltas (51 bytes)
Event: 101.889 Thread 0x000001e1f02d0150 nmethod 11370 0x000001e1dce51010 code [0x000001e1dce511e0, 0x000001e1dce514f8]
Event: 101.889 Thread 0x000001e1f02d0150 11371       3       org.eclipse.jdt.internal.core.JavaProject::computePackageFragmentRoots (11 bytes)
Event: 101.889 Thread 0x000001e1f02d0150 nmethod 11371 0x000001e1dce51610 code [0x000001e1dce517c0, 0x000001e1dce51988]
Event: 101.893 Thread 0x000001e1f02d0150 11372       1       org.eclipse.core.internal.jobs.InternalJob::setNext (6 bytes)
Event: 101.893 Thread 0x000001e1f02d0150 nmethod 11372 0x000001e1e383ad90 code [0x000001e1e383af20, 0x000001e1e383b000]

GC Heap History (20 events):
Event: 89.381 GC heap before
{Heap before GC invocations=40 (full 3):
 PSYoungGen      total 22528K, used 22496K [0x00000000d5580000, 0x00000000d6f80000, 0x0000000100000000)
  eden space 19968K, 100% used [0x00000000d5580000,0x00000000d6900000,0x00000000d6900000)
  from space 2560K, 98% used [0x00000000d6c00000,0x00000000d6e78000,0x00000000d6e80000)
  to   space 3072K, 0% used [0x00000000d6900000,0x00000000d6900000,0x00000000d6c00000)
 ParOldGen       total 68608K, used 41815K [0x0000000080000000, 0x0000000084300000, 0x00000000d5580000)
  object space 68608K, 60% used [0x0000000080000000,0x00000000828d5c68,0x0000000084300000)
 Metaspace       used 58688K, committed 60032K, reserved 1114112K
  class space    used 6182K, committed 6784K, reserved 1048576K
}
Event: 89.385 GC heap after
{Heap after GC invocations=40 (full 3):
 PSYoungGen      total 22016K, used 1616K [0x00000000d5580000, 0x00000000d6d00000, 0x0000000100000000)
  eden space 19968K, 0% used [0x00000000d5580000,0x00000000d5580000,0x00000000d6900000)
  from space 2048K, 78% used [0x00000000d6900000,0x00000000d6a94010,0x00000000d6b00000)
  to   space 2048K, 0% used [0x00000000d6b00000,0x00000000d6b00000,0x00000000d6d00000)
 ParOldGen       total 68608K, used 44127K [0x0000000080000000, 0x0000000084300000, 0x00000000d5580000)
  object space 68608K, 64% used [0x0000000080000000,0x0000000082b17f38,0x0000000084300000)
 Metaspace       used 58688K, committed 60032K, reserved 1114112K
  class space    used 6182K, committed 6784K, reserved 1048576K
}
Event: 90.533 GC heap before
{Heap before GC invocations=41 (full 3):
 PSYoungGen      total 22016K, used 21584K [0x00000000d5580000, 0x00000000d6d00000, 0x0000000100000000)
  eden space 19968K, 100% used [0x00000000d5580000,0x00000000d6900000,0x00000000d6900000)
  from space 2048K, 78% used [0x00000000d6900000,0x00000000d6a94010,0x00000000d6b00000)
  to   space 2048K, 0% used [0x00000000d6b00000,0x00000000d6b00000,0x00000000d6d00000)
 ParOldGen       total 68608K, used 44127K [0x0000000080000000, 0x0000000084300000, 0x00000000d5580000)
  object space 68608K, 64% used [0x0000000080000000,0x0000000082b17f38,0x0000000084300000)
 Metaspace       used 59217K, committed 60544K, reserved 1114112K
  class space    used 6255K, committed 6848K, reserved 1048576K
}
Event: 90.538 GC heap after
{Heap after GC invocations=41 (full 3):
 PSYoungGen      total 22016K, used 1680K [0x00000000d5580000, 0x00000000d6d00000, 0x0000000100000000)
  eden space 19968K, 0% used [0x00000000d5580000,0x00000000d5580000,0x00000000d6900000)
  from space 2048K, 82% used [0x00000000d6b00000,0x00000000d6ca4010,0x00000000d6d00000)
  to   space 2048K, 0% used [0x00000000d6900000,0x00000000d6900000,0x00000000d6b00000)
 ParOldGen       total 68608K, used 45535K [0x0000000080000000, 0x0000000084300000, 0x00000000d5580000)
  object space 68608K, 66% used [0x0000000080000000,0x0000000082c77d28,0x0000000084300000)
 Metaspace       used 59217K, committed 60544K, reserved 1114112K
  class space    used 6255K, committed 6848K, reserved 1048576K
}
Event: 91.891 GC heap before
{Heap before GC invocations=42 (full 3):
 PSYoungGen      total 22016K, used 21648K [0x00000000d5580000, 0x00000000d6d00000, 0x0000000100000000)
  eden space 19968K, 100% used [0x00000000d5580000,0x00000000d6900000,0x00000000d6900000)
  from space 2048K, 82% used [0x00000000d6b00000,0x00000000d6ca4010,0x00000000d6d00000)
  to   space 2048K, 0% used [0x00000000d6900000,0x00000000d6900000,0x00000000d6b00000)
 ParOldGen       total 68608K, used 45535K [0x0000000080000000, 0x0000000084300000, 0x00000000d5580000)
  object space 68608K, 66% used [0x0000000080000000,0x0000000082c77d28,0x0000000084300000)
 Metaspace       used 59855K, committed 61184K, reserved 1114112K
  class space    used 6315K, committed 6912K, reserved 1048576K
}
Event: 91.894 GC heap after
{Heap after GC invocations=42 (full 3):
 PSYoungGen      total 22016K, used 2037K [0x00000000d5580000, 0x00000000d7100000, 0x0000000100000000)
  eden space 19968K, 0% used [0x00000000d5580000,0x00000000d5580000,0x00000000d6900000)
  from space 2048K, 99% used [0x00000000d6900000,0x00000000d6afd4a8,0x00000000d6b00000)
  to   space 4096K, 0% used [0x00000000d6d00000,0x00000000d6d00000,0x00000000d7100000)
 ParOldGen       total 68608K, used 46887K [0x0000000080000000, 0x0000000084300000, 0x00000000d5580000)
  object space 68608K, 68% used [0x0000000080000000,0x0000000082dc9d28,0x0000000084300000)
 Metaspace       used 59855K, committed 61184K, reserved 1114112K
  class space    used 6315K, committed 6912K, reserved 1048576K
}
Event: 92.177 GC heap before
{Heap before GC invocations=43 (full 3):
 PSYoungGen      total 22016K, used 22005K [0x00000000d5580000, 0x00000000d7100000, 0x0000000100000000)
  eden space 19968K, 100% used [0x00000000d5580000,0x00000000d6900000,0x00000000d6900000)
  from space 2048K, 99% used [0x00000000d6900000,0x00000000d6afd4a8,0x00000000d6b00000)
  to   space 4096K, 0% used [0x00000000d6d00000,0x00000000d6d00000,0x00000000d7100000)
 ParOldGen       total 68608K, used 46887K [0x0000000080000000, 0x0000000084300000, 0x00000000d5580000)
  object space 68608K, 68% used [0x0000000080000000,0x0000000082dc9d28,0x0000000084300000)
 Metaspace       used 59867K, committed 61184K, reserved 1114112K
  class space    used 6315K, committed 6912K, reserved 1048576K
}
Event: 92.181 GC heap after
{Heap after GC invocations=43 (full 3):
 PSYoungGen      total 23040K, used 2592K [0x00000000d5580000, 0x00000000d7000000, 0x0000000100000000)
  eden space 19968K, 0% used [0x00000000d5580000,0x00000000d5580000,0x00000000d6900000)
  from space 3072K, 84% used [0x00000000d6d00000,0x00000000d6f88000,0x00000000d7000000)
  to   space 3072K, 0% used [0x00000000d6a00000,0x00000000d6a00000,0x00000000d6d00000)
 ParOldGen       total 68608K, used 48860K [0x0000000080000000, 0x0000000084300000, 0x00000000d5580000)
  object space 68608K, 71% used [0x0000000080000000,0x0000000082fb7328,0x0000000084300000)
 Metaspace       used 59867K, committed 61184K, reserved 1114112K
  class space    used 6315K, committed 6912K, reserved 1048576K
}
Event: 92.340 GC heap before
{Heap before GC invocations=44 (full 3):
 PSYoungGen      total 23040K, used 22560K [0x00000000d5580000, 0x00000000d7000000, 0x0000000100000000)
  eden space 19968K, 100% used [0x00000000d5580000,0x00000000d6900000,0x00000000d6900000)
  from space 3072K, 84% used [0x00000000d6d00000,0x00000000d6f88000,0x00000000d7000000)
  to   space 3072K, 0% used [0x00000000d6a00000,0x00000000d6a00000,0x00000000d6d00000)
 ParOldGen       total 68608K, used 48860K [0x0000000080000000, 0x0000000084300000, 0x00000000d5580000)
  object space 68608K, 71% used [0x0000000080000000,0x0000000082fb7328,0x0000000084300000)
 Metaspace       used 59887K, committed 61248K, reserved 1114112K
  class space    used 6315K, committed 6912K, reserved 1048576K
}
Event: 92.343 GC heap after
{Heap after GC invocations=44 (full 3):
 PSYoungGen      total 21504K, used 1376K [0x00000000d5580000, 0x00000000d6d80000, 0x0000000100000000)
  eden space 19968K, 0% used [0x00000000d5580000,0x00000000d5580000,0x00000000d6900000)
  from space 1536K, 89% used [0x00000000d6a00000,0x00000000d6b58000,0x00000000d6b80000)
  to   space 2048K, 0% used [0x00000000d6b80000,0x00000000d6b80000,0x00000000d6d80000)
 ParOldGen       total 68608K, used 50728K [0x0000000080000000, 0x0000000084300000, 0x00000000d5580000)
  object space 68608K, 73% used [0x0000000080000000,0x000000008318a338,0x0000000084300000)
 Metaspace       used 59887K, committed 61248K, reserved 1114112K
  class space    used 6315K, committed 6912K, reserved 1048576K
}
Event: 92.428 GC heap before
{Heap before GC invocations=45 (full 3):
 PSYoungGen      total 21504K, used 21341K [0x00000000d5580000, 0x00000000d6d80000, 0x0000000100000000)
  eden space 19968K, 99% used [0x00000000d5580000,0x00000000d68ff580,0x00000000d6900000)
  from space 1536K, 89% used [0x00000000d6a00000,0x00000000d6b58000,0x00000000d6b80000)
  to   space 2048K, 0% used [0x00000000d6b80000,0x00000000d6b80000,0x00000000d6d80000)
 ParOldGen       total 68608K, used 50728K [0x0000000080000000, 0x0000000084300000, 0x00000000d5580000)
  object space 68608K, 73% used [0x0000000080000000,0x000000008318a338,0x0000000084300000)
 Metaspace       used 59926K, committed 61312K, reserved 1114112K
  class space    used 6315K, committed 6912K, reserved 1048576K
}
Event: 92.430 GC heap after
{Heap after GC invocations=45 (full 3):
 PSYoungGen      total 21504K, used 1280K [0x00000000d5580000, 0x00000000d6d00000, 0x0000000100000000)
  eden space 19968K, 0% used [0x00000000d5580000,0x00000000d5580000,0x00000000d6900000)
  from space 1536K, 83% used [0x00000000d6b80000,0x00000000d6cc0000,0x00000000d6d00000)
  to   space 1536K, 0% used [0x00000000d6a00000,0x00000000d6a00000,0x00000000d6b80000)
 ParOldGen       total 68608K, used 51850K [0x0000000080000000, 0x0000000084300000, 0x00000000d5580000)
  object space 68608K, 75% used [0x0000000080000000,0x00000000832a2818,0x0000000084300000)
 Metaspace       used 59926K, committed 61312K, reserved 1114112K
  class space    used 6315K, committed 6912K, reserved 1048576K
}
Event: 92.632 GC heap before
{Heap before GC invocations=46 (full 3):
 PSYoungGen      total 21504K, used 21248K [0x00000000d5580000, 0x00000000d6d00000, 0x0000000100000000)
  eden space 19968K, 100% used [0x00000000d5580000,0x00000000d6900000,0x00000000d6900000)
  from space 1536K, 83% used [0x00000000d6b80000,0x00000000d6cc0000,0x00000000d6d00000)
  to   space 1536K, 0% used [0x00000000d6a00000,0x00000000d6a00000,0x00000000d6b80000)
 ParOldGen       total 68608K, used 51850K [0x0000000080000000, 0x0000000084300000, 0x00000000d5580000)
  object space 68608K, 75% used [0x0000000080000000,0x00000000832a2818,0x0000000084300000)
 Metaspace       used 59979K, committed 61376K, reserved 1114112K
  class space    used 6315K, committed 6912K, reserved 1048576K
}
Event: 92.638 GC heap after
{Heap after GC invocations=46 (full 3):
 PSYoungGen      total 21504K, used 1536K [0x00000000d5580000, 0x00000000d6f00000, 0x0000000100000000)
  eden space 19968K, 0% used [0x00000000d5580000,0x00000000d5580000,0x00000000d6900000)
  from space 1536K, 100% used [0x00000000d6a00000,0x00000000d6b80000,0x00000000d6b80000)
  to   space 3072K, 0% used [0x00000000d6c00000,0x00000000d6c00000,0x00000000d6f00000)
 ParOldGen       total 68608K, used 52802K [0x0000000080000000, 0x0000000084300000, 0x00000000d5580000)
  object space 68608K, 76% used [0x0000000080000000,0x0000000083390818,0x0000000084300000)
 Metaspace       used 59979K, committed 61376K, reserved 1114112K
  class space    used 6315K, committed 6912K, reserved 1048576K
}
Event: 92.762 GC heap before
{Heap before GC invocations=47 (full 3):
 PSYoungGen      total 21504K, used 21504K [0x00000000d5580000, 0x00000000d6f00000, 0x0000000100000000)
  eden space 19968K, 100% used [0x00000000d5580000,0x00000000d6900000,0x00000000d6900000)
  from space 1536K, 100% used [0x00000000d6a00000,0x00000000d6b80000,0x00000000d6b80000)
  to   space 3072K, 0% used [0x00000000d6c00000,0x00000000d6c00000,0x00000000d6f00000)
 ParOldGen       total 68608K, used 52802K [0x0000000080000000, 0x0000000084300000, 0x00000000d5580000)
  object space 68608K, 76% used [0x0000000080000000,0x0000000083390818,0x0000000084300000)
 Metaspace       used 59994K, committed 61376K, reserved 1114112K
  class space    used 6315K, committed 6912K, reserved 1048576K
}
Event: 92.765 GC heap after
{Heap after GC invocations=47 (full 3):
 PSYoungGen      total 22016K, used 1600K [0x00000000d5580000, 0x00000000d6e00000, 0x0000000100000000)
  eden space 19968K, 0% used [0x00000000d5580000,0x00000000d5580000,0x00000000d6900000)
  from space 2048K, 78% used [0x00000000d6c00000,0x00000000d6d90000,0x00000000d6e00000)
  to   space 2048K, 0% used [0x00000000d6a00000,0x00000000d6a00000,0x00000000d6c00000)
 ParOldGen       total 68608K, used 53754K [0x0000000080000000, 0x0000000084300000, 0x00000000d5580000)
  object space 68608K, 78% used [0x0000000080000000,0x000000008347e818,0x0000000084300000)
 Metaspace       used 59994K, committed 61376K, reserved 1114112K
  class space    used 6315K, committed 6912K, reserved 1048576K
}
Event: 93.708 GC heap before
{Heap before GC invocations=48 (full 3):
 PSYoungGen      total 22016K, used 21298K [0x00000000d5580000, 0x00000000d6e00000, 0x0000000100000000)
  eden space 19968K, 98% used [0x00000000d5580000,0x00000000d68bc838,0x00000000d6900000)
  from space 2048K, 78% used [0x00000000d6c00000,0x00000000d6d90000,0x00000000d6e00000)
  to   space 2048K, 0% used [0x00000000d6a00000,0x00000000d6a00000,0x00000000d6c00000)
 ParOldGen       total 68608K, used 53754K [0x0000000080000000, 0x0000000084300000, 0x00000000d5580000)
  object space 68608K, 78% used [0x0000000080000000,0x000000008347e818,0x0000000084300000)
 Metaspace       used 60130K, committed 61504K, reserved 1114112K
  class space    used 6332K, committed 6976K, reserved 1048576K
}
Event: 93.714 GC heap after
{Heap after GC invocations=48 (full 3):
 PSYoungGen      total 22016K, used 2036K [0x00000000d5580000, 0x00000000d7600000, 0x0000000100000000)
  eden space 19968K, 0% used [0x00000000d5580000,0x00000000d5580000,0x00000000d6900000)
  from space 2048K, 99% used [0x00000000d6a00000,0x00000000d6bfd398,0x00000000d6c00000)
  to   space 6656K, 0% used [0x00000000d6f80000,0x00000000d6f80000,0x00000000d7600000)
 ParOldGen       total 68608K, used 57522K [0x0000000080000000, 0x0000000084300000, 0x00000000d5580000)
  object space 68608K, 83% used [0x0000000080000000,0x000000008382c928,0x0000000084300000)
 Metaspace       used 60130K, committed 61504K, reserved 1114112K
  class space    used 6332K, committed 6976K, reserved 1048576K
}
Event: 100.130 GC heap before
{Heap before GC invocations=49 (full 3):
 PSYoungGen      total 22016K, used 22004K [0x00000000d5580000, 0x00000000d7600000, 0x0000000100000000)
  eden space 19968K, 100% used [0x00000000d5580000,0x00000000d6900000,0x00000000d6900000)
  from space 2048K, 99% used [0x00000000d6a00000,0x00000000d6bfd398,0x00000000d6c00000)
  to   space 6656K, 0% used [0x00000000d6f80000,0x00000000d6f80000,0x00000000d7600000)
 ParOldGen       total 68608K, used 57522K [0x0000000080000000, 0x0000000084300000, 0x00000000d5580000)
  object space 68608K, 83% used [0x0000000080000000,0x000000008382c928,0x0000000084300000)
 Metaspace       used 60236K, committed 61696K, reserved 1114112K
  class space    used 6337K, committed 6976K, reserved 1048576K
}
Event: 100.132 GC heap after
{Heap after GC invocations=49 (full 3):
 PSYoungGen      total 20480K, used 483K [0x00000000d5580000, 0x00000000d7000000, 0x0000000100000000)
  eden space 19968K, 0% used [0x00000000d5580000,0x00000000d5580000,0x00000000d6900000)
  from space 512K, 94% used [0x00000000d6f80000,0x00000000d6ff8df8,0x00000000d7000000)
  to   space 2560K, 0% used [0x00000000d6b00000,0x00000000d6b00000,0x00000000d6d80000)
 ParOldGen       total 68608K, used 58026K [0x0000000080000000, 0x0000000084300000, 0x00000000d5580000)
  object space 68608K, 84% used [0x0000000080000000,0x00000000838aa928,0x0000000084300000)
 Metaspace       used 60236K, committed 61696K, reserved 1114112K
  class space    used 6337K, committed 6976K, reserved 1048576K
}

Dll operation events (10 events):
Event: 0.168 Loaded shared library c:\Users\manue\.vscode\extensions\redhat.java-1.55.0-win32-x64\jre\21.0.11-win32-x86_64\bin\java.dll
Event: 0.341 Loaded shared library c:\Users\manue\.vscode\extensions\redhat.java-1.55.0-win32-x64\jre\21.0.11-win32-x86_64\bin\zip.dll
Event: 0.411 Loaded shared library C:\Users\manue\.vscode\extensions\redhat.java-1.55.0-win32-x64\jre\21.0.11-win32-x86_64\bin\instrument.dll
Event: 0.416 Loaded shared library C:\Users\manue\.vscode\extensions\redhat.java-1.55.0-win32-x64\jre\21.0.11-win32-x86_64\bin\net.dll
Event: 0.420 Loaded shared library C:\Users\manue\.vscode\extensions\redhat.java-1.55.0-win32-x64\jre\21.0.11-win32-x86_64\bin\nio.dll
Event: 0.425 Loaded shared library C:\Users\manue\.vscode\extensions\redhat.java-1.55.0-win32-x64\jre\21.0.11-win32-x86_64\bin\zip.dll
Event: 0.453 Loaded shared library C:\Users\manue\.vscode\extensions\redhat.java-1.55.0-win32-x64\jre\21.0.11-win32-x86_64\bin\jimage.dll
Event: 0.715 Loaded shared library c:\Users\manue\.vscode\extensions\redhat.java-1.55.0-win32-x64\jre\21.0.11-win32-x86_64\bin\verify.dll
Event: 5.415 Loaded shared library C:\Users\manue\AppData\Roaming\Code\User\globalStorage\redhat.java\1.55.0\config_win\org.eclipse.equinox.launcher\org.eclipse.equinox.launcher.win32.win32.x86_64_1.3.100.v20260613-0559\eclipse_11924.dll
Event: 37.099 Loaded shared library C:\Users\manue\AppData\Local\Temp\jna-103662954\jna10835523599274705013.dll

Deoptimization events (20 events):
Event: 100.331 Thread 0x000001e1f722e5b0 Uncommon trap: trap_request=0xffffffc6 fr.pc=0x000001e1e37153b4 relative=0x0000000000000d54
Event: 100.331 Thread 0x000001e1f722e5b0 Uncommon trap: reason=bimorphic_or_optimized_type_check action=maybe_recompile pc=0x000001e1e37153b4 method=java.util.concurrent.ConcurrentHashMap.putAll(Ljava/util/Map;)V @ 23 c2
Event: 100.331 Thread 0x000001e1f722e5b0 DEOPT PACKING pc=0x000001e1e37153b4 sp=0x00000080aaafd750
Event: 100.331 Thread 0x000001e1f722e5b0 DEOPT UNPACKING pc=0x000001e1e2c13aa2 sp=0x00000080aaafd710 mode 2
Event: 100.707 Thread 0x000001e1f722e5b0 Uncommon trap: trap_request=0xffffff6e fr.pc=0x000001e1e382e6e4 relative=0x00000000000005a4
Event: 100.707 Thread 0x000001e1f722e5b0 Uncommon trap: reason=loop_limit_check action=maybe_recompile pc=0x000001e1e382e6e4 method=org.codehaus.plexus.util.xml.Xpp3Dom.getChild(Ljava/lang/String;)Lorg/codehaus/plexus/util/xml/Xpp3Dom; @ 29 c2
Event: 100.707 Thread 0x000001e1f722e5b0 DEOPT PACKING pc=0x000001e1e382e6e4 sp=0x00000080aaafe030
Event: 100.707 Thread 0x000001e1f722e5b0 DEOPT UNPACKING pc=0x000001e1e2c13aa2 sp=0x00000080aaafdfe0 mode 2
Event: 101.077 Thread 0x000001e1f1813510 Uncommon trap: trap_request=0xffffff45 fr.pc=0x000001e1e37b069c relative=0x0000000000000ddc
Event: 101.077 Thread 0x000001e1f1813510 Uncommon trap: reason=unstable_if action=reinterpret pc=0x000001e1e37b069c method=org.codehaus.plexus.util.xml.pull.MXParser.printable(I)Ljava/lang/String; @ 23 c2
Event: 101.077 Thread 0x000001e1f1813510 DEOPT PACKING pc=0x000001e1e37b069c sp=0x00000080adcfd9b0
Event: 101.077 Thread 0x000001e1f1813510 DEOPT UNPACKING pc=0x000001e1e2c13aa2 sp=0x00000080adcfd930 mode 2
Event: 101.163 Thread 0x000001e1f722e5b0 DEOPT PACKING pc=0x000001e1dcc3b548 sp=0x00000080aaafc800
Event: 101.163 Thread 0x000001e1f722e5b0 DEOPT UNPACKING pc=0x000001e1e2c14242 sp=0x00000080aaafbca8 mode 0
Event: 101.331 Thread 0x000001e1f722e5b0 DEOPT PACKING pc=0x000001e1dcc9f7bc sp=0x00000080aaafb400
Event: 101.331 Thread 0x000001e1f722e5b0 DEOPT UNPACKING pc=0x000001e1e2c14242 sp=0x00000080aaafa920 mode 0
Event: 101.346 Thread 0x000001e1f722e5b0 Uncommon trap: trap_request=0xffffff76 fr.pc=0x000001e1e37ce13c relative=0x000000000000011c
Event: 101.346 Thread 0x000001e1f722e5b0 Uncommon trap: reason=predicate action=maybe_recompile pc=0x000001e1e37ce13c method=java.util.Arrays.fill([Ljava/lang/Object;Ljava/lang/Object;)V @ 7 c2
Event: 101.346 Thread 0x000001e1f722e5b0 DEOPT PACKING pc=0x000001e1e37ce13c sp=0x00000080aaafc700
Event: 101.346 Thread 0x000001e1f722e5b0 DEOPT UNPACKING pc=0x000001e1e2c13aa2 sp=0x00000080aaafc678 mode 2

Classes loaded (20 events):
Event: 79.493 Loading class java/util/stream/Node$Builder$OfInt done
Event: 79.494 Loading class java/util/stream/Nodes$IntArrayNode
Event: 79.540 Loading class java/util/stream/Nodes$IntArrayNode done
Event: 79.540 Loading class java/util/stream/Nodes$IntFixedNodeBuilder done
Event: 79.540 Loading class sun/nio/ch/ChannelOutputStream
Event: 79.540 Loading class java/util/stream/ReferencePipeline$4$1
Event: 79.541 Loading class java/util/stream/ReferencePipeline$4$1 done
Event: 79.558 Loading class sun/nio/ch/ChannelOutputStream done
Event: 81.529 Loading class jdk/internal/module/IllegalAccessLogger
Event: 81.529 Loading class jdk/internal/module/IllegalAccessLogger done
Event: 94.114 Loading class java/lang/invoke/MethodHandleImpl$CountingWrapper$1
Event: 94.115 Loading class java/lang/invoke/MethodHandleImpl$CountingWrapper$1 done
Event: 100.370 Loading class java/io/ObjectOutputStream$BlockDataOutputStream
Event: 100.379 Loading class java/io/ObjectOutputStream$BlockDataOutputStream done
Event: 100.379 Loading class java/io/ObjectOutputStream$HandleTable
Event: 100.379 Loading class java/io/ObjectOutputStream$HandleTable done
Event: 100.379 Loading class java/io/ObjectOutputStream$ReplaceTable
Event: 100.379 Loading class java/io/ObjectOutputStream$ReplaceTable done
Event: 100.390 Loading class java/nio/charset/CharacterCodingException
Event: 100.390 Loading class java/nio/charset/CharacterCodingException done

Classes unloaded (11 events):
Event: 40.768 Thread 0x000001e1eef24950 Unloading class 0x000001e1811a5000 'java/lang/invoke/LambdaForm$MH+0x000001e1811a5000'
Event: 40.768 Thread 0x000001e1eef24950 Unloading class 0x000001e1811a4c00 'java/lang/invoke/LambdaForm$MH+0x000001e1811a4c00'
Event: 40.768 Thread 0x000001e1eef24950 Unloading class 0x000001e1811a4800 'java/lang/invoke/LambdaForm$MH+0x000001e1811a4800'
Event: 40.768 Thread 0x000001e1eef24950 Unloading class 0x000001e1811a4400 'java/lang/invoke/LambdaForm$MH+0x000001e1811a4400'
Event: 40.768 Thread 0x000001e1eef24950 Unloading class 0x000001e1811a4000 'java/lang/invoke/LambdaForm$BMH+0x000001e1811a4000'
Event: 40.768 Thread 0x000001e1eef24950 Unloading class 0x000001e1811a3c00 'java/lang/invoke/LambdaForm$DMH+0x000001e1811a3c00'
Event: 40.768 Thread 0x000001e1eef24950 Unloading class 0x000001e1811a2800 'java/lang/invoke/LambdaForm$DMH+0x000001e1811a2800'
Event: 87.625 Thread 0x000001e1eef24950 Unloading class 0x000001e18169d000 'java/lang/invoke/LambdaForm$DMH+0x000001e18169d000'
Event: 87.626 Thread 0x000001e1eef24950 Unloading class 0x000001e18169c400 'java/lang/invoke/LambdaForm$DMH+0x000001e18169c400'
Event: 87.626 Thread 0x000001e1eef24950 Unloading class 0x000001e18169d400 'java/lang/invoke/LambdaForm$DMH+0x000001e18169d400'
Event: 87.626 Thread 0x000001e1eef24950 Unloading class 0x000001e18169cc00 'java/lang/invoke/LambdaForm$DMH+0x000001e18169cc00'

Classes redefined (0 events):
No events

Internal exceptions (20 events):
Event: 89.648 Thread 0x000001e1f722e5b0 Exception <a 'java/lang/NoSuchMethodError'{0x00000000d5d58920}: 'java.lang.Object java.lang.invoke.DirectMethodHandle$Holder.newInvokeSpecial(java.lang.Object, java.lang.Object, java.lang.Object, java.lang.Object, java.lang.Object, java.lang.Object, java.lang.Object, java.lang.Object)'> (0x00000000d5d58920) 
thrown [s\src\hotspot\share\interpreter\linkResolver.cpp, line 773]
Event: 89.672 Thread 0x000001e1f722e5b0 Exception <a 'java/lang/NoSuchMethodError'{0x00000000d5d6cb60}: 'java.lang.Object java.lang.invoke.DirectMethodHandle$Holder.invokeStatic(java.lang.Object, java.lang.Object, int, java.lang.Object, java.lang.Object)'> (0x00000000d5d6cb60) 
thrown [s\src\hotspot\share\interpreter\linkResolver.cpp, line 773]
Event: 89.676 Thread 0x000001e1f722e5b0 Exception <a 'java/lang/NoSuchMethodError'{0x00000000d5d73e58}: 'java.lang.Object java.lang.invoke.DirectMethodHandle$Holder.newInvokeSpecial(java.lang.Object, java.lang.Object, int)'> (0x00000000d5d73e58) 
thrown [s\src\hotspot\share\interpreter\linkResolver.cpp, line 773]
Event: 89.744 Thread 0x000001e1f722e5b0 Exception <a 'java/lang/NoSuchMethodError'{0x00000000d5df10f8}: 'void java.lang.invoke.DirectMethodHandle$Holder.invokeStatic(java.lang.Object, int)'> (0x00000000d5df10f8) 
thrown [s\src\hotspot\share\interpreter\linkResolver.cpp, line 773]
Event: 89.978 Thread 0x000001e1f722e5b0 Exception <a 'java/io/FileNotFoundException'{0x00000000d6214b90}> (0x00000000d6214b90) 
thrown [s\src\hotspot\share\prims\jni.cpp, line 520]
Event: 90.172 Thread 0x000001e1f722e5b0 Implicit null exception at 0x000001e1e34793ca to 0x000001e1e3479af8
Event: 90.446 Thread 0x000001e1f722e5b0 Implicit null exception at 0x000001e1e36ca915 to 0x000001e1e36caf04
Event: 90.777 Thread 0x000001e1f722e5b0 Implicit null exception at 0x000001e1e34d29df to 0x000001e1e34d3718
Event: 93.285 Thread 0x000001e1f722e5b0 Exception <a 'java/lang/NoSuchMethodError'{0x00000000d5e92758}: 'long java.lang.invoke.DirectMethodHandle$Holder.invokeStatic(java.lang.Object, java.lang.Object)'> (0x00000000d5e92758) 
thrown [s\src\hotspot\share\interpreter\linkResolver.cpp, line 773]
Event: 93.337 Thread 0x000001e1f722e5b0 Exception <a 'java/lang/NoSuchMethodError'{0x00000000d5f13228}: static Lorg/apache/maven/model/InputLocation;.<clinit>()V> (0x00000000d5f13228) 
thrown [s\src\hotspot\share\prims\jni.cpp, line 1111]
Event: 93.341 Thread 0x000001e1f722e5b0 Exception <a 'java/lang/NoSuchMethodError'{0x00000000d5f287e0}: static Lorg/apache/maven/model/InputSource;.<clinit>()V> (0x00000000d5f287e0) 
thrown [s\src\hotspot\share\prims\jni.cpp, line 1111]
Event: 99.516 Thread 0x000001e1f722e5b0 Exception <a 'sun/nio/fs/WindowsException'{0x00000000d6310e68}> (0x00000000d6310e68) 
thrown [s\src\hotspot\share\prims\jni.cpp, line 520]
Event: 100.380 Thread 0x000001e1f722e5b0 Exception <a 'java/lang/NoSuchMethodError'{0x00000000d57fa968}: static [Lorg/eclipse/jdt/core/IClasspathEntry;.<clinit>()V> (0x00000000d57fa968) 
thrown [s\src\hotspot\share\prims\jni.cpp, line 1111]
Event: 100.383 Thread 0x000001e1f722e5b0 Exception <a 'java/lang/NoSuchMethodError'{0x00000000d57fba38}: static [Lorg/eclipse/jdt/core/IAccessRule;.<clinit>()V> (0x00000000d57fba38) 
thrown [s\src\hotspot\share\prims\jni.cpp, line 1111]
Event: 100.386 Thread 0x000001e1f722e5b0 Exception <a 'java/lang/NoSuchMethodError'{0x00000000d57fc618}: static [Lorg/eclipse/jdt/core/IClasspathAttribute;.<clinit>()V> (0x00000000d57fc618) 
thrown [s\src\hotspot\share\prims\jni.cpp, line 1111]
Event: 100.441 Thread 0x000001e1f722e5b0 Exception <a 'java/lang/NoSuchMethodError'{0x00000000d5852f88}: 'java.lang.Object java.lang.invoke.DirectMethodHandle$Holder.invokeSpecial(java.lang.Object, java.lang.Object, java.lang.Object, int, java.lang.Object, java.lang.Object, java.lang.Object)'> (0x00000000d5852f88) 
thrown [s\src\hotspot\share\interpreter\linkResolver.cpp, line 773]
Event: 100.648 Thread 0x000001e1f722e5b0 Exception <a 'java/io/FileNotFoundException'{0x00000000d5bbecb0}> (0x00000000d5bbecb0) 
thrown [s\src\hotspot\share\prims\jni.cpp, line 520]
Event: 100.649 Thread 0x000001e1f722e5b0 Exception <a 'java/io/FileNotFoundException'{0x00000000d5bbff88}> (0x00000000d5bbff88) 
thrown [s\src\hotspot\share\prims\jni.cpp, line 520]
Event: 100.656 Thread 0x000001e1f722e5b0 Exception <a 'java/io/FileNotFoundException'{0x00000000d5bc0fb8}> (0x00000000d5bc0fb8) 
thrown [s\src\hotspot\share\prims\jni.cpp, line 520]
Event: 100.790 Thread 0x000001e1f722e5b0 Exception <a 'java/lang/NoSuchMethodError'{0x00000000d5c27c28}: 'int java.lang.invoke.DirectMethodHandle$Holder.invokeStatic(java.lang.Object, java.lang.Object, java.lang.Object, java.lang.Object, java.lang.Object, java.lang.Object)'> (0x00000000d5c27c28) 
thrown [s\src\hotspot\share\interpreter\linkResolver.cpp, line 773]

ZGC Phase Switch (0 events):
No events

VM Operations (20 events):
Event: 92.428 Executing safepoint VM operation: ParallelGCFailedAllocation (Allocation Failure)
Event: 92.430 Executing safepoint VM operation: ParallelGCFailedAllocation (Allocation Failure) done
Event: 92.629 Executing safepoint VM operation: ParallelGCFailedAllocation (Allocation Failure)
Event: 92.638 Executing safepoint VM operation: ParallelGCFailedAllocation (Allocation Failure) done
Event: 92.762 Executing safepoint VM operation: ParallelGCFailedAllocation (Allocation Failure)
Event: 92.765 Executing safepoint VM operation: ParallelGCFailedAllocation (Allocation Failure) done
Event: 93.708 Executing safepoint VM operation: ParallelGCFailedAllocation (Allocation Failure)
Event: 93.714 Executing safepoint VM operation: ParallelGCFailedAllocation (Allocation Failure) done
Event: 94.717 Executing safepoint VM operation: Cleanup
Event: 94.733 Executing safepoint VM operation: Cleanup done
Event: 95.733 Executing safepoint VM operation: Cleanup
Event: 95.733 Executing safepoint VM operation: Cleanup done
Event: 97.733 Executing safepoint VM operation: Cleanup
Event: 97.733 Executing safepoint VM operation: Cleanup done
Event: 99.749 Executing safepoint VM operation: Cleanup
Event: 99.765 Executing safepoint VM operation: Cleanup done
Event: 100.129 Executing safepoint VM operation: ParallelGCFailedAllocation (Allocation Failure)
Event: 100.132 Executing safepoint VM operation: ParallelGCFailedAllocation (Allocation Failure) done
Event: 101.134 Executing safepoint VM operation: Cleanup
Event: 101.134 Executing safepoint VM operation: Cleanup done

Memory protections (0 events):
No events

Nmethod flushes (20 events):
Event: 87.669 Thread 0x000001e1eef24950 flushing  nmethod 0x000001e1dc120590
Event: 87.669 Thread 0x000001e1eef24950 flushing osr nmethod 0x000001e1dc126490
Event: 87.670 Thread 0x000001e1eef24950 flushing  nmethod 0x000001e1dc127590
Event: 87.670 Thread 0x000001e1eef24950 flushing  nmethod 0x000001e1dc128a10
Event: 87.670 Thread 0x000001e1eef24950 flushing  nmethod 0x000001e1dc12a210
Event: 87.670 Thread 0x000001e1eef24950 flushing  nmethod 0x000001e1dc134890
Event: 87.670 Thread 0x000001e1eef24950 flushing  nmethod 0x000001e1dc14fb10
Event: 87.670 Thread 0x000001e1eef24950 flushing  nmethod 0x000001e1dc155e10
Event: 87.670 Thread 0x000001e1eef24950 flushing  nmethod 0x000001e1dc156810
Event: 87.670 Thread 0x000001e1eef24950 flushing  nmethod 0x000001e1dc15b210
Event: 87.670 Thread 0x000001e1eef24950 flushing  nmethod 0x000001e1dc15e710
Event: 87.670 Thread 0x000001e1eef24950 flushing  nmethod 0x000001e1dc181910
Event: 87.670 Thread 0x000001e1eef24950 flushing  nmethod 0x000001e1dc185110
Event: 87.670 Thread 0x000001e1eef24950 flushing  nmethod 0x000001e1dc1b0e90
Event: 87.670 Thread 0x000001e1eef24950 flushing  nmethod 0x000001e1dc1bdd10
Event: 87.670 Thread 0x000001e1eef24950 flushing  nmethod 0x000001e1dc1be410
Event: 87.670 Thread 0x000001e1eef24950 flushing  nmethod 0x000001e1dc1bea10
Event: 87.670 Thread 0x000001e1eef24950 flushing  nmethod 0x000001e1dc1bf290
Event: 87.670 Thread 0x000001e1eef24950 flushing  nmethod 0x000001e1dc1bf890
Event: 87.670 Thread 0x000001e1eef24950 flushing  nmethod 0x000001e1dc1c1710

Events (20 events):
Event: 91.880 Thread 0x000001e1f722e5b0 Thread added: 0x000001e1f18148c0
Event: 91.881 Thread 0x000001e1f722e5b0 Thread added: 0x000001e1f1813ba0
Event: 91.881 Thread 0x000001e1f722e5b0 Thread added: 0x000001e1f1812e80
Event: 91.881 Thread 0x000001e1f722e5b0 Thread added: 0x000001e1f1814230
Event: 91.882 Thread 0x000001e1f722e5b0 Thread added: 0x000001e1f1814f50
Event: 92.788 Thread 0x000001e1f1813ba0 Thread exited: 0x000001e1f1813ba0
Event: 92.788 Thread 0x000001e1f1814230 Thread exited: 0x000001e1f1814230
Event: 92.788 Thread 0x000001e1f1814f50 Thread exited: 0x000001e1f1814f50
Event: 92.788 Thread 0x000001e1f1812e80 Thread exited: 0x000001e1f1812e80
Event: 92.788 Thread 0x000001e1f18148c0 Thread exited: 0x000001e1f18148c0
Event: 100.993 Thread 0x000001e1f722e5b0 Thread added: 0x000001e1f1814f50
Event: 100.994 Thread 0x000001e1f722e5b0 Thread added: 0x000001e1f1812e80
Event: 101.027 Thread 0x000001e1f722e5b0 Thread added: 0x000001e1f1813510
Event: 101.027 Thread 0x000001e1f722e5b0 Thread added: 0x000001e1f1814230
Event: 101.027 Thread 0x000001e1f722e5b0 Thread added: 0x000001e1f1813ba0
Event: 101.127 Thread 0x000001e1f1813ba0 Thread exited: 0x000001e1f1813ba0
Event: 101.127 Thread 0x000001e1f1814f50 Thread exited: 0x000001e1f1814f50
Event: 101.127 Thread 0x000001e1f1814230 Thread exited: 0x000001e1f1814230
Event: 101.128 Thread 0x000001e1f1812e80 Thread exited: 0x000001e1f1812e80
Event: 101.131 Thread 0x000001e1f1813510 Thread exited: 0x000001e1f1813510


Dynamic libraries:
0x00007ff6f5200000 - 0x00007ff6f520e000 	c:\Users\manue\.vscode\extensions\redhat.java-1.55.0-win32-x64\jre\21.0.11-win32-x86_64\bin\java.exe
0x00007ffb1e840000 - 0x00007ffb1eaa6000 	C:\WINDOWS\SYSTEM32\ntdll.dll
0x00007ffb1d420000 - 0x00007ffb1d4e9000 	C:\WINDOWS\System32\KERNEL32.DLL
0x00007ffb1be80000 - 0x00007ffb1c27a000 	C:\WINDOWS\System32\KERNELBASE.dll
0x00007ffb1c330000 - 0x00007ffb1c47c000 	C:\WINDOWS\System32\ucrtbase.dll
0x00007ffb03190000 - 0x00007ffb031a8000 	c:\Users\manue\.vscode\extensions\redhat.java-1.55.0-win32-x64\jre\21.0.11-win32-x86_64\bin\jli.dll
0x00007ffaf3880000 - 0x00007ffaf389e000 	c:\Users\manue\.vscode\extensions\redhat.java-1.55.0-win32-x64\jre\21.0.11-win32-x86_64\bin\VCRUNTIME140.dll
0x00007ffb1de90000 - 0x00007ffb1e057000 	C:\WINDOWS\System32\USER32.dll
0x00007ffb034c0000 - 0x00007ffb03752000 	C:\WINDOWS\WinSxS\amd64_microsoft.windows.common-controls_6595b64144ccf1df_6.0.26100.8521_none_3e08b75ce33403b3\COMCTL32.dll
0x00007ffb1bb80000 - 0x00007ffb1bba7000 	C:\WINDOWS\System32\win32u.dll
0x00007ffb1c5b0000 - 0x00007ffb1c659000 	C:\WINDOWS\System32\msvcrt.dll
0x00007ffb1d3f0000 - 0x00007ffb1d41b000 	C:\WINDOWS\System32\GDI32.dll
0x00007ffb1c480000 - 0x00007ffb1c5ab000 	C:\WINDOWS\System32\gdi32full.dll
0x00007ffb1c280000 - 0x00007ffb1c323000 	C:\WINDOWS\System32\msvcp_win.dll
0x00007ffb1e5e0000 - 0x00007ffb1e612000 	C:\WINDOWS\System32\IMM32.DLL
0x0000000072ed0000 - 0x0000000072edd000 	C:\Program Files (x86)\360\Total Security\safemon\SafeWrapper.dll
0x00007ffb1d270000 - 0x00007ffb1d326000 	C:\WINDOWS\System32\ADVAPI32.dll
0x00007ffb1d340000 - 0x00007ffb1d3ea000 	C:\WINDOWS\System32\sechost.dll
0x00007ffb1e6e0000 - 0x00007ffb1e7f8000 	C:\WINDOWS\System32\RPCRT4.dll
0x00007ffb16100000 - 0x00007ffb16205000 	C:\Program Files (x86)\360\Total Security\safemon\libzdtp64.dll
0x00007ffb1d6e0000 - 0x00007ffb1de64000 	C:\WINDOWS\System32\SHELL32.dll
0x00007ffb1d610000 - 0x00007ffb1d677000 	C:\WINDOWS\System32\SHLWAPI.dll
0x00007ffb1b5b0000 - 0x00007ffb1b5bb000 	C:\WINDOWS\SYSTEM32\VERSION.dll
0x00007ffb06fc0000 - 0x00007ffb06fcc000 	c:\Users\manue\.vscode\extensions\redhat.java-1.55.0-win32-x64\jre\21.0.11-win32-x86_64\bin\vcruntime140_1.dll
0x00007ffab52e0000 - 0x00007ffab536d000 	c:\Users\manue\.vscode\extensions\redhat.java-1.55.0-win32-x64\jre\21.0.11-win32-x86_64\bin\msvcp140.dll
0x00007ffa613f0000 - 0x00007ffa62192000 	c:\Users\manue\.vscode\extensions\redhat.java-1.55.0-win32-x64\jre\21.0.11-win32-x86_64\bin\server\jvm.dll
0x00007ffb1ce50000 - 0x00007ffb1ced0000 	C:\WINDOWS\System32\WS2_32.dll
0x00007ffb1b930000 - 0x00007ffb1b98e000 	C:\WINDOWS\SYSTEM32\POWRPROF.dll
0x00007ffb10780000 - 0x00007ffb107b6000 	C:\WINDOWS\SYSTEM32\WINMM.dll
0x00007ffb1b910000 - 0x00007ffb1b924000 	C:\WINDOWS\SYSTEM32\UMPDC.dll
0x00007ffb1a7f0000 - 0x00007ffb1a80b000 	C:\WINDOWS\SYSTEM32\kernel.appcore.dll
0x00007ffb06d20000 - 0x00007ffb06d2a000 	c:\Users\manue\.vscode\extensions\redhat.java-1.55.0-win32-x64\jre\21.0.11-win32-x86_64\bin\jimage.dll
0x00007ffb18b80000 - 0x00007ffb18dc2000 	C:\WINDOWS\SYSTEM32\DBGHELP.DLL
0x00007ffb1cee0000 - 0x00007ffb1d263000 	C:\WINDOWS\System32\combase.dll
0x00007ffb1e0c0000 - 0x00007ffb1e199000 	C:\WINDOWS\System32\OLEAUT32.dll
0x00007ffaf3af0000 - 0x00007ffaf3b2b000 	C:\WINDOWS\SYSTEM32\dbgcore.DLL
0x00007ffb1bad0000 - 0x00007ffb1bb78000 	C:\WINDOWS\System32\bcryptPrimitives.dll
0x00007ffb06b60000 - 0x00007ffb06b6f000 	c:\Users\manue\.vscode\extensions\redhat.java-1.55.0-win32-x64\jre\21.0.11-win32-x86_64\bin\instrument.dll
0x00007ffaf3830000 - 0x00007ffaf3850000 	c:\Users\manue\.vscode\extensions\redhat.java-1.55.0-win32-x64\jre\21.0.11-win32-x86_64\bin\java.dll
0x00007ffb19600000 - 0x00007ffb19e80000 	C:\WINDOWS\SYSTEM32\windows.storage.dll
0x00007ffb1e350000 - 0x00007ffb1e446000 	C:\WINDOWS\System32\SHCORE.dll
0x00007ffb1b9f0000 - 0x00007ffb1ba19000 	C:\WINDOWS\SYSTEM32\profapi.dll
0x00007ffaf3810000 - 0x00007ffaf3828000 	c:\Users\manue\.vscode\extensions\redhat.java-1.55.0-win32-x64\jre\21.0.11-win32-x86_64\bin\zip.dll
0x00007ffb05180000 - 0x00007ffb05190000 	C:\Users\manue\.vscode\extensions\redhat.java-1.55.0-win32-x64\jre\21.0.11-win32-x86_64\bin\net.dll
0x00007ffb0b220000 - 0x00007ffb0b349000 	C:\WINDOWS\SYSTEM32\WINHTTP.dll
0x00007ffb1ad60000 - 0x00007ffb1adcc000 	C:\WINDOWS\system32\mswsock.dll
0x00007ffaec0d0000 - 0x00007ffaec0e6000 	C:\Users\manue\.vscode\extensions\redhat.java-1.55.0-win32-x64\jre\21.0.11-win32-x86_64\bin\nio.dll
0x00007ffb02d70000 - 0x00007ffb02d80000 	c:\Users\manue\.vscode\extensions\redhat.java-1.55.0-win32-x64\jre\21.0.11-win32-x86_64\bin\verify.dll
0x00007ffaea7d0000 - 0x00007ffaea815000 	C:\Users\manue\AppData\Roaming\Code\User\globalStorage\redhat.java\1.55.0\config_win\org.eclipse.equinox.launcher\org.eclipse.equinox.launcher.win32.win32.x86_64_1.3.100.v20260613-0559\eclipse_11924.dll
0x00007ffb1e1a0000 - 0x00007ffb1e338000 	C:\WINDOWS\System32\ole32.dll
0x00007ffb1b040000 - 0x00007ffb1b05b000 	C:\WINDOWS\SYSTEM32\CRYPTSP.dll
0x00007ffb1a750000 - 0x00007ffb1a789000 	C:\WINDOWS\system32\rsaenh.dll
0x00007ffb1ae10000 - 0x00007ffb1ae43000 	C:\WINDOWS\SYSTEM32\USERENV.dll
0x00007ffb1b9c0000 - 0x00007ffb1b9ea000 	C:\WINDOWS\SYSTEM32\bcrypt.dll
0x00007ffb1b060000 - 0x00007ffb1b06c000 	C:\WINDOWS\SYSTEM32\CRYPTBASE.dll
0x00007ffb1a220000 - 0x00007ffb1a253000 	C:\WINDOWS\SYSTEM32\IPHLPAPI.DLL
0x00007ffb1e0b0000 - 0x00007ffb1e0ba000 	C:\WINDOWS\System32\NSI.dll
0x00007ffaf3a70000 - 0x00007ffaf3ab9000 	C:\Users\manue\AppData\Local\Temp\jna-103662954\jna10835523599274705013.dll
0x00007ffb1d4f0000 - 0x00007ffb1d4f8000 	C:\WINDOWS\System32\PSAPI.DLL
0x00007ffb107c0000 - 0x00007ffb107dd000 	C:\WINDOWS\SYSTEM32\dhcpcsvc6.DLL
0x00007ffb10750000 - 0x00007ffb10775000 	C:\WINDOWS\SYSTEM32\dhcpcsvc.DLL

JVMTI agents:
c:\Users\manue\.vscode\extensions\redhat.java-1.55.0-win32-x64\lombok\lombok-1.18.39-4050.jar path:c:\Users\manue\.vscode\extensions\redhat.java-1.55.0-win32-x64\jre\21.0.11-win32-x86_64\bin\instrument.dll, loaded, initialized, instrumentlib options:none

dbghelp: loaded successfully - version: 4.0.5 - missing functions: none
symbol engine: initialized successfully - sym options: 0x614 - pdb path: .;c:\Users\manue\.vscode\extensions\redhat.java-1.55.0-win32-x64\jre\21.0.11-win32-x86_64\bin;C:\WINDOWS\SYSTEM32;C:\WINDOWS\WinSxS\amd64_microsoft.windows.common-controls_6595b64144ccf1df_6.0.26100.8521_none_3e08b75ce33403b3;C:\Program Files (x86)\360\Total Security\safemon;c:\Users\manue\.vscode\extensions\redhat.java-1.55.0-win32-x64\jre\21.0.11-win32-x86_64\bin\server;C:\Users\manue\AppData\Roaming\Code\User\globalStorage\redhat.java\1.55.0\config_win\org.eclipse.equinox.launcher\org.eclipse.equinox.launcher.win32.win32.x86_64_1.3.100.v20260613-0559;C:\Users\manue\AppData\Local\Temp\jna-103662954

VM Arguments:
jvm_args: --add-modules=ALL-SYSTEM --add-opens=java.base/java.util=ALL-UNNAMED --add-opens=java.base/java.lang=ALL-UNNAMED --add-opens=java.base/sun.nio.fs=ALL-UNNAMED -Declipse.application=org.eclipse.jdt.ls.core.id1 -Dosgi.bundles.defaultStartLevel=4 -Declipse.product=org.eclipse.jdt.ls.core.product -Djava.import.generatesMetadataFilesAtProjectRoot=false -DDetectVMInstallationsJob.disabled=true -Dfile.encoding=utf8 -XX:+UseParallelGC -XX:GCTimeRatio=4 -XX:AdaptiveSizePolicyWeight=90 -Dsun.zip.disableMemoryMapping=true -Xmx2G -Xms100m -Xlog:disable -javaagent:c:\Users\manue\.vscode\extensions\redhat.java-1.55.0-win32-x64\lombok\lombok-1.18.39-4050.jar -XX:+HeapDumpOnOutOfMemoryError -XX:HeapDumpPath=c:\Users\manue\AppData\Roaming\Code\User\workspaceStorage\850d4c5340805f6c5998271039dbbf0a\redhat.java -Daether.dependencyCollector.impl=bf 
java_command: c:\Users\manue\.vscode\extensions\redhat.java-1.55.0-win32-x64\server\plugins\org.eclipse.equinox.launcher_1.7.200.v20260619-2039.jar -configuration c:\Users\manue\AppData\Roaming\Code\User\globalStorage\redhat.java\1.55.0\config_win -data c:\Users\manue\AppData\Roaming\Code\User\workspaceStorage\850d4c5340805f6c5998271039dbbf0a\redhat.java\jdt_ws --pipe=\\.\pipe\lsp-c2de3aaa48b15ddbe6f23ae53a4610b3-sock
java_class_path (initial): c:\Users\manue\.vscode\extensions\redhat.java-1.55.0-win32-x64\server\plugins\org.eclipse.equinox.launcher_1.7.200.v20260619-2039.jar
Launcher Type: SUN_STANDARD

[Global flags]
    uintx AdaptiveSizePolicyWeight                 = 90                                        {product} {command line}
     intx CICompilerCount                          = 4                                         {product} {ergonomic}
    uintx GCTimeRatio                              = 4                                         {product} {command line}
     bool HeapDumpOnOutOfMemoryError               = true                                   {manageable} {command line}
    ccstr HeapDumpPath                             = c:\Users\manue\AppData\Roaming\Code\User\workspaceStorage\850d4c5340805f6c5998271039dbbf0a\redhat.java         {manageable} {command line}
   size_t InitialHeapSize                          = 104857600                                 {product} {command line}
   size_t MaxHeapSize                              = 2147483648                                {product} {command line}
   size_t MaxNewSize                               = 715653120                                 {product} {ergonomic}
   size_t MinHeapDeltaBytes                        = 524288                                    {product} {ergonomic}
   size_t MinHeapSize                              = 104857600                                 {product} {command line}
   size_t NewSize                                  = 34603008                                  {product} {ergonomic}
    uintx NonNMethodCodeHeapSize                   = 5839372                                {pd product} {ergonomic}
    uintx NonProfiledCodeHeapSize                  = 122909434                              {pd product} {ergonomic}
   size_t OldSize                                  = 70254592                                  {product} {ergonomic}
    uintx ProfiledCodeHeapSize                     = 122909434                              {pd product} {ergonomic}
    uintx ReservedCodeCacheSize                    = 251658240                              {pd product} {ergonomic}
     bool SegmentedCodeCache                       = true                                      {product} {ergonomic}
   size_t SoftMaxHeapSize                          = 2147483648                             {manageable} {ergonomic}
     bool UseCompressedOops                        = true                           {product lp64_product} {ergonomic}
     bool UseLargePagesIndividualAllocation        = false                                  {pd product} {ergonomic}
     bool UseParallelGC                            = true                                      {product} {command line}

Logging:
Log output configuration:
 #0: stdout all=off uptime,level,tags foldmultilines=false
 #1: stderr all=off uptime,level,tags foldmultilines=false

Release file:
JAVA_VERSION="21.0.11" 
MODULES="java.base java.compiler java.datatransfer java.xml java.prefs java.desktop java.instrument java.logging java.management java.security.sasl java.naming java.rmi java.management.rmi java.net.http java.scripting java.security.jgss java.transaction.xa java.sql java.sql.rowset java.xml.crypto java.se java.smartcardio jdk.accessibility jdk.internal.jvmstat jdk.attach jdk.charsets jdk.internal.opt jdk.zipfs jdk.compiler jdk.crypto.ec jdk.crypto.cryptoki jdk.crypto.mscapi jdk.dynalink jdk.internal.ed jdk.editpad jdk.hotspot.agent jdk.httpserver jdk.internal.le jdk.internal.vm.ci jdk.internal.vm.compiler jdk.internal.vm.compiler.management jdk.jartool jdk.javadoc jdk.jcmd jdk.management jdk.management.agent jdk.jconsole jdk.jdeps jdk.jdwp.agent jdk.jdi jdk.jfr jdk.jshell jdk.jsobject jdk.jstatd jdk.localedata jdk.management.jfr jdk.naming.dns jdk.naming.rmi jdk.net jdk.nio.mapmode jdk.random jdk.sctp jdk.security.auth jdk.security.jgss jdk.unsupported jdk.unsupported.desktop jdk.xml.dom" 

Environment Variables:
JAVA_HOME=C:\Program Files\Eclipse Adoptium\jdk-21.0.11.10-hotspot\
PATH=C:\Program Files\Eclipse Adoptium\jdk-21.0.11.10-hotspot\bin;C:\Users\manue\Desktop\oracle\bin;C:\Program Files (x86)\Common Files\Oracle\Java\javapath;C:\WINDOWS\system32;C:\WINDOWS;C:\WINDOWS\System32\Wbem;C:\WINDOWS\System32\WindowsPowerShell\v1.0\;C:\WINDOWS\System32\OpenSSH\;C:\Program Files\PuTTY\;C:\Program Files\Git\cmd;C:\Program Files\Docker\Docker\resources\bin;C:\Users\manue\AppData\Local\Programs\Python\Python313\Scripts\;C:\Users\manue\AppData\Local\Programs\Python\Python313\;C:\Users\manue\AppData\Local\Programs\Python\Launcher\;C:\Users\manue\AppData\Local\Microsoft\WindowsApps;C:\Users\manue\AppData\Local\Programs\Microsoft VS Code\bin
USERNAME=manue
OS=Windows_NT
PROCESSOR_IDENTIFIER=Intel64 Family 6 Model 154 Stepping 4, GenuineIntel
TMP=C:\Users\manue\AppData\Local\Temp
TEMP=C:\Users\manue\AppData\Local\Temp




Periodic native trim disabled

---------------  S Y S T E M  ---------------

OS:
 Windows 11 , 64 bit Build 26100 (10.0.26100.8521)
OS uptime: 1 days 6:33 hours
Hyper-V role detected

CPU: total 12 (initial active 12) (6 cores per cpu, 2 threads per core) family 6 model 154 stepping 4 microcode 0x432, cx8, cmov, fxsr, ht, mmx, 3dnowpref, sse, sse2, sse3, ssse3, sse4.1, sse4.2, popcnt, lzcnt, tsc, tscinvbit, avx, avx2, aes, erms, clmul, bmi1, bmi2, adx, sha, fma, vzeroupper, clflush, clflushopt, clwb, hv, serialize, rdtscp, rdpid, fsrm, f16c, cet_ibt, cet_ss
Processor Information for processor 0
  Max Mhz: 1300, Current Mhz: 1300, Mhz Limit: 1300
Processor Information for processor 1
  Max Mhz: 1300, Current Mhz: 1300, Mhz Limit: 1300
Processor Information for processor 2
  Max Mhz: 1300, Current Mhz: 1300, Mhz Limit: 1300
Processor Information for processor 3
  Max Mhz: 1300, Current Mhz: 1300, Mhz Limit: 1300
Processor Information for processor 4
  Max Mhz: 1300, Current Mhz: 900, Mhz Limit: 897
Processor Information for processor 5
  Max Mhz: 1300, Current Mhz: 900, Mhz Limit: 897
Processor Information for processor 6
  Max Mhz: 1300, Current Mhz: 900, Mhz Limit: 897
Processor Information for processor 7
  Max Mhz: 1300, Current Mhz: 900, Mhz Limit: 897
Processor Information for processor 8
  Max Mhz: 1300, Current Mhz: 900, Mhz Limit: 897
Processor Information for processor 9
  Max Mhz: 1300, Current Mhz: 900, Mhz Limit: 897
Processor Information for processor 10
  Max Mhz: 1300, Current Mhz: 900, Mhz Limit: 897
Processor Information for processor 11
  Max Mhz: 1300, Current Mhz: 900, Mhz Limit: 897

Memory: 4k page, system-wide physical 7877M (247M free)
TotalPageFile size 32453M (AvailPageFile size 6M)
current process WorkingSet (physical memory assigned to process): 203M, peak: 268M
current process commit charge ("private bytes"): 381M, peak: 395M

vm_info: OpenJDK 64-Bit Server VM (21.0.11+10-LTS) for windows-amd64 JRE (21.0.11+10-LTS), built on 2026-04-21T00:00:00Z by "admin" with MS VC++ 17.12 (VS2022)

END.
